<?xml version="1.0" encoding="UTF-8"?>
<testng-results ignored="0" total="1" passed="1" failed="0" skipped="0">
  <reporter-output>
  </reporter-output>
  <suite started-at="2021-05-29T13:20:32 IST" name="Default suite" finished-at="2021-05-29T13:21:27 IST" duration-ms="55290">
    <groups>
    </groups>
    <test started-at="2021-05-29T13:20:32 IST" name="Default test" finished-at="2021-05-29T13:21:27 IST" duration-ms="55290">
      <class name="com.Test1.OpenBrowser">
        <test-method is-config="true" signature="invokeBrowser()[pri:0, instance:com.Test1.OpenBrowser@c333c60]" started-at="2021-05-29T13:20:32 IST" name="invokeBrowser" finished-at="2021-05-29T13:20:59 IST" duration-ms="27726" status="PASS">
          <reporter-output>
          </reporter-output>
        </test-method> <!-- invokeBrowser -->
        <test-method signature="setChromePath()[pri:0, instance:com.Test1.OpenBrowser@c333c60]" started-at="2021-05-29T13:20:59 IST" name="setChromePath" finished-at="2021-05-29T13:21:24 IST" duration-ms="24818" status="PASS">
          <reporter-output>
          </reporter-output>
        </test-method> <!-- setChromePath -->
        <test-method is-config="true" signature="releaseBrowser()[pri:0, instance:com.Test1.OpenBrowser@c333c60]" started-at="2021-05-29T13:21:24 IST" name="releaseBrowser" finished-at="2021-05-29T13:21:27 IST" duration-ms="2643" status="PASS">
          <reporter-output>
          </reporter-output>
        </test-method> <!-- releaseBrowser -->
      </class> <!-- com.Test1.OpenBrowser -->
    </test> <!-- Default test -->
  </suite> <!-- Default suite -->
</testng-results>
